I: Requesting Association
I: Association Accepted (Max Send PDV: 32756)
I: Sending Find Request (MsgID 1)
I: Request Identifiers:
I: 
I: # Dicom-Data-Set
I: # Used TransferSyntax: Little Endian Explicit
I: (0008,0020) DA [20220101-20221231]                      #  18, 1 StudyDate
I: (0008,0052) CS [STUDY]                                  #   6, 1 QueryRetrieveLevel
I: (0008,0061) CS [PT]                                     #   2, 1 ModalitiesInStudy
I: (0020,000d) UI (no value available)                     #   0, 0 StudyInstanceUID
I: 
I: ---------------------------
I: Find Response: 1 (Pending)
I: 
I: # Dicom-Data-Set
I: # Used TransferSyntax: Little Endian Explicit
I: (0008,0020) DA [20220106]                               #   8, 1 StudyDate
I: (0008,0052) CS [STUDY ]                                 #   6, 1 QueryRetrieveLevel
I: (0008,0061) CS [PT\CT ]                                 #   6, 2 ModalitiesInStudy
I: (0020,000d) UI [1.2.410.2000010.82.137.1022686177]     #  34, 1 StudyInstanceUID
I: 
I: ---------------------------
I: Find Response: 2 (Pending)
I: 
I: # Dicom-Data-Set
I: # Used TransferSyntax: Little Endian Explicit
I: (0008,0020) DA [20220211]                               #   8, 1 StudyDate
I: (0008,0052) CS [STUDY ]                                 #   6, 1 QueryRetrieveLevel
I: (0008,0061) CS [PT\CT ]                                 #   6, 2 ModalitiesInStudy
I: (0020,000d) UI [1.3.12.2.1107.5.1.4.45592.30000022021105095220300000010] #  56, 1 StudyInstanceUID
I: 
I: ---------------------------
I: Find Response: 3 (Pending)
I: 
I: # Dicom-Data-Set
I: # Used TransferSyntax: Little Endian Explicit
I: (0008,0020) DA [20220415]                               #   8, 1 StudyDate
I: (0008,0052) CS [STUDY ]                                 #   6, 1 QueryRetrieveLevel
I: (0008,0061) CS [PT\CT ]                                 #   6, 2 ModalitiesInStudy
I: (0020,000d) UI [1.2.410.2000058.82.2.1384.1022799690]   #  36, 1 StudyInstanceUID
I: 
I: ---------------------------
I: Find Response: 4 (Pending)
I: 
I: # Dicom-Data-Set
I: # Used TransferSyntax: Little Endian Explicit
I: (0008,0020) DA [20220426]                               #   8, 1 StudyDate
I: (0008,0052) CS [STUDY ]                                 #   6, 1 QueryRetrieveLevel
I: (0008,0061) CS [PT\CT ]                                 #   6, 2 ModalitiesInStudy
I: (0020,000d) UI [1.2.410.2000058.82.2.1384.1022812150]   #  36, 1 StudyInstanceUID
I: 
I: ---------------------------
I: Find Response: 5 (Pending)
I: 
I: # Dicom-Data-Set
I: # Used TransferSyntax: Little Endian Explicit
I: (0008,0020) DA [20220509]                               #   8, 1 StudyDate
I: (0008,0052) CS [STUDY ]                                 #   6, 1 QueryRetrieveLevel
I: (0008,0061) CS [PT\CT ]                                 #   6, 2 ModalitiesInStudy
I: (0020,000d) UI [1.2.410.2000058.82.2.1384.1022826077]   #  36, 1 StudyInstanceUID
I: 
I: ---------------------------
I: Find Response: 6 (Pending)
I: 
I: # Dicom-Data-Set
I: # Used TransferSyntax: Little Endian Explicit
I: (0008,0020) DA [20220602]                               #   8, 1 StudyDate
I: (0008,0052) CS [STUDY ]                                 #   6, 1 QueryRetrieveLevel
I: (0008,0061) CS [PT\CT ]                                 #   6, 2 ModalitiesInStudy
I: (0020,000d) UI [1.2.410.2000058.82.2.1384.1022857372]   #  36, 1 StudyInstanceUID
I: 
I: ---------------------------
I: Find Response: 7 (Pending)
I: 
I: # Dicom-Data-Set
I: # Used TransferSyntax: Little Endian Explicit
I: (0008,0020) DA [20220614]                               #   8, 1 StudyDate
I: (0008,0052) CS [STUDY ]                                 #   6, 1 QueryRetrieveLevel
I: (0008,0061) CS [PT\CT ]                                 #   6, 2 ModalitiesInStudy
I: (0020,000d) UI [1.2.410.2000058.82.2.1384.1022870796]   #  36, 1 StudyInstanceUID
I: 
I: ---------------------------
I: Find Response: 8 (Pending)
I: 
I: # Dicom-Data-Set
I: # Used TransferSyntax: Little Endian Explicit
I: (0008,0020) DA [20220627]                               #   8, 1 StudyDate
I: (0008,0052) CS [STUDY ]                                 #   6, 1 QueryRetrieveLevel
I: (0008,0061) CS [PT\CT ]                                 #   6, 2 ModalitiesInStudy
I: (0020,000d) UI [1.2.410.2000058.82.2.1384.1022887787]   #  36, 1 StudyInstanceUID
I: 
I: ---------------------------
I: Find Response: 9 (Pending)
I: 
I: # Dicom-Data-Set
I: # Used TransferSyntax: Little Endian Explicit
I: (0008,0020) DA [20220630]                               #   8, 1 StudyDate
I: (0008,0052) CS [STUDY ]                                 #   6, 1 QueryRetrieveLevel
I: (0008,0061) CS [PT\CT ]                                 #   6, 2 ModalitiesInStudy
I: (0020,000d) UI [1.2.410.2000058.82.2.1384.1022893242]   #  36, 1 StudyInstanceUID
I: 
I: ---------------------------
I: Find Response: 10 (Pending)
I: 
I: # Dicom-Data-Set
I: # Used TransferSyntax: Little Endian Explicit
I: (0008,0020) DA [20220719]                               #   8, 1 StudyDate
I: (0008,0052) CS [STUDY ]                                 #   6, 1 QueryRetrieveLevel
I: (0008,0061) CS [PT\CT ]                                 #   6, 2 ModalitiesInStudy
I: (0020,000d) UI [1.2.410.2000058.82.2.1384.1022917374]   #  36, 1 StudyInstanceUID
I: 
I: ---------------------------
I: Find Response: 11 (Pending)
I: 
I: # Dicom-Data-Set
I: # Used TransferSyntax: Little Endian Explicit
I: (0008,0020) DA [20220801]                               #   8, 1 StudyDate
I: (0008,0052) CS [STUDY ]                                 #   6, 1 QueryRetrieveLevel
I: (0008,0061) CS [PT\CT ]                                 #   6, 2 ModalitiesInStudy
I: (0020,000d) UI [1.2.410.2000058.82.2.1384.1022933603]   #  36, 1 StudyInstanceUID
I: 
I: ---------------------------
I: Find Response: 12 (Pending)
I: 
I: # Dicom-Data-Set
I: # Used TransferSyntax: Little Endian Explicit
I: (0008,0020) DA [20220802]                               #   8, 1 StudyDate
I: (0008,0052) CS [STUDY ]                                 #   6, 1 QueryRetrieveLevel
I: (0008,0061) CS [PT\CT ]                                 #   6, 2 ModalitiesInStudy
I: (0020,000d) UI [1.2.410.2000058.82.2.1384.1022935435]   #  36, 1 StudyInstanceUID
I: 
I: ---------------------------
I: Find Response: 13 (Pending)
I: 
I: # Dicom-Data-Set
I: # Used TransferSyntax: Little Endian Explicit
I: (0008,0020) DA [20220803]                               #   8, 1 StudyDate
I: (0008,0052) CS [STUDY ]                                 #   6, 1 QueryRetrieveLevel
I: (0008,0061) CS [PT\CT ]                                 #   6, 2 ModalitiesInStudy
I: (0020,000d) UI [1.2.410.2000058.82.2.1384.1022937215]   #  36, 1 StudyInstanceUID
I: 
I: ---------------------------
I: Find Response: 14 (Pending)
I: 
I: # Dicom-Data-Set
I: # Used TransferSyntax: Little Endian Explicit
I: (0008,0020) DA [20220808]                               #   8, 1 StudyDate
I: (0008,0052) CS [STUDY ]                                 #   6, 1 QueryRetrieveLevel
I: (0008,0061) CS [PT\CT ]                                 #   6, 2 ModalitiesInStudy
I: (0020,000d) UI [1.2.410.2000058.82.2.1384.1022942729]   #  36, 1 StudyInstanceUID
I: 
I: ---------------------------
I: Find Response: 15 (Pending)
I: 
I: # Dicom-Data-Set
I: # Used TransferSyntax: Little Endian Explicit
I: (0008,0020) DA [20220816]                               #   8, 1 StudyDate
I: (0008,0052) CS [STUDY ]                                 #   6, 1 QueryRetrieveLevel
I: (0008,0061) CS [PT\CT ]                                 #   6, 2 ModalitiesInStudy
I: (0020,000d) UI [1.2.410.2000058.82.2.1384.1022951382]   #  36, 1 StudyInstanceUID
I: 
I: ---------------------------
I: Find Response: 16 (Pending)
I: 
I: # Dicom-Data-Set
I: # Used TransferSyntax: Little Endian Explicit
I: (0008,0020) DA [20220822]                               #   8, 1 StudyDate
I: (0008,0052) CS [STUDY ]                                 #   6, 1 QueryRetrieveLevel
I: (0008,0061) CS [PT\CT ]                                 #   6, 2 ModalitiesInStudy
I: (0020,000d) UI [1.2.410.2000058.82.2.1384.1022958669]   #  36, 1 StudyInstanceUID
I: 
I: ---------------------------
I: Find Response: 17 (Pending)
I: 
I: # Dicom-Data-Set
I: # Used TransferSyntax: Little Endian Explicit
I: (0008,0020) DA [20221103]                               #   8, 1 StudyDate
I: (0008,0052) CS [STUDY ]                                 #   6, 1 QueryRetrieveLevel
I: (0008,0061) CS [PT\CT ]                                 #   6, 2 ModalitiesInStudy
I: (0020,000d) UI [1.2.410.2000058.82.2.1384.1023048365]   #  36, 1 StudyInstanceUID
I: 
I: ---------------------------
I: Find Response: 18 (Pending)
I: 
I: # Dicom-Data-Set
I: # Used TransferSyntax: Little Endian Explicit
I: (0008,0020) DA [20221110]                               #   8, 1 StudyDate
I: (0008,0052) CS [STUDY ]                                 #   6, 1 QueryRetrieveLevel
I: (0008,0061) CS [PT\CT ]                                 #   6, 2 ModalitiesInStudy
I: (0020,000d) UI [1.2.410.2000058.82.2.1384.1023057472]   #  36, 1 StudyInstanceUID
I: 
I: ---------------------------
I: Find Response: 19 (Pending)
I: 
I: # Dicom-Data-Set
I: # Used TransferSyntax: Little Endian Explicit
I: (0008,0020) DA [20221214]                               #   8, 1 StudyDate
I: (0008,0052) CS [STUDY ]                                 #   6, 1 QueryRetrieveLevel
I: (0008,0061) CS [PT\CT ]                                 #   6, 2 ModalitiesInStudy
I: (0020,000d) UI [1.2.410.2000058.82.2.1384.1023103088]   #  36, 1 StudyInstanceUID
I: 
I: ---------------------------
I: Find Response: 20 (Pending)
I: 
I: # Dicom-Data-Set
I: # Used TransferSyntax: Little Endian Explicit
I: (0008,0020) DA [20220112]                               #   8, 1 StudyDate
I: (0008,0052) CS [STUDY ]                                 #   6, 1 QueryRetrieveLevel
I: (0008,0061) CS [CT\PT ]                                 #   6, 2 ModalitiesInStudy
I: (0020,000d) UI [1.2.410.2000010.82.137.1022692967]     #  34, 1 StudyInstanceUID
I: 
I: ---------------------------
I: Find Response: 21 (Pending)
I: 
I: # Dicom-Data-Set
I: # Used TransferSyntax: Little Endian Explicit
I: (0008,0020) DA [20220209]                               #   8, 1 StudyDate
I: (0008,0052) CS [STUDY ]                                 #   6, 1 QueryRetrieveLevel
I: (0008,0061) CS [CT\PT ]                                 #   6, 2 ModalitiesInStudy
I: (0020,000d) UI [1.2.410.2000010.82.137.1022723740]     #  34, 1 StudyInstanceUID
I: 
I: ---------------------------
I: Find Response: 22 (Pending)
I: 
I: # Dicom-Data-Set
I: # Used TransferSyntax: Little Endian Explicit
I: (0008,0020) DA [20220303]                               #   8, 1 StudyDate
I: (0008,0052) CS [STUDY ]                                 #   6, 1 QueryRetrieveLevel
I: (0008,0061) CS [CT\PT ]                                 #   6, 2 ModalitiesInStudy
I: (0020,000d) UI [1.2.410.2000058.82.2.1384.1022750726]   #  36, 1 StudyInstanceUID
I: 
I: ---------------------------
I: Find Response: 23 (Pending)
I: 
I: # Dicom-Data-Set
I: # Used TransferSyntax: Little Endian Explicit
I: (0008,0020) DA [20220414]                               #   8, 1 StudyDate
I: (0008,0052) CS [STUDY ]                                 #   6, 1 QueryRetrieveLevel
I: (0008,0061) CS [CT\PT ]                                 #   6, 2 ModalitiesInStudy
I: (0020,000d) UI [1.2.410.2000058.82.2.1384.1022798016]   #  36, 1 StudyInstanceUID
I: 
I: ---------------------------
I: Find Response: 24 (Pending)
I: 
I: # Dicom-Data-Set
I: # Used TransferSyntax: Little Endian Explicit
I: (0008,0020) DA [20220418]                               #   8, 1 StudyDate
I: (0008,0052) CS [STUDY ]                                 #   6, 1 QueryRetrieveLevel
I: (0008,0061) CS [CT\PT ]                                 #   6, 2 ModalitiesInStudy
I: (0020,000d) UI [1.2.410.2000058.82.2.1384.1022801639]   #  36, 1 StudyInstanceUID
I: 
I: ---------------------------
I: Find Response: 25 (Pending)
I: 
I: # Dicom-Data-Set
I: # Used TransferSyntax: Little Endian Explicit
I: (0008,0020) DA [20220503]                               #   8, 1 StudyDate
I: (0008,0052) CS [STUDY ]                                 #   6, 1 QueryRetrieveLevel
I: (0008,0061) CS [CT\PT ]                                 #   6, 2 ModalitiesInStudy
I: (0020,000d) UI [1.2.410.2000058.82.2.1384.1022820887]   #  36, 1 StudyInstanceUID
I: 
I: ---------------------------
I: Find Response: 26 (Pending)
I: 
I: # Dicom-Data-Set
I: # Used TransferSyntax: Little Endian Explicit
I: (0008,0020) DA [20220624]                               #   8, 1 StudyDate
I: (0008,0052) CS [STUDY ]                                 #   6, 1 QueryRetrieveLevel
I: (0008,0061) CS [CT\PT ]                                 #   6, 2 ModalitiesInStudy
I: (0020,000d) UI [1.2.410.2000058.82.2.1384.1022885802]   #  36, 1 StudyInstanceUID
I: 
I: ---------------------------
I: Find Response: 27 (Pending)
I: 
I: # Dicom-Data-Set
I: # Used TransferSyntax: Little Endian Explicit
I: (0008,0020) DA [20220704]                               #   8, 1 StudyDate
I: (0008,0052) CS [STUDY ]                                 #   6, 1 QueryRetrieveLevel
I: (0008,0061) CS [CT\PT ]                                 #   6, 2 ModalitiesInStudy
I: (0020,000d) UI [1.2.410.2000058.82.2.1384.1022896959]   #  36, 1 StudyInstanceUID
I: 
I: ---------------------------
I: Find Response: 28 (Pending)
I: 
I: # Dicom-Data-Set
I: # Used TransferSyntax: Little Endian Explicit
I: (0008,0020) DA [20220705]                               #   8, 1 StudyDate
I: (0008,0052) CS [STUDY ]                                 #   6, 1 QueryRetrieveLevel
I: (0008,0061) CS [CT\PT ]                                 #   6, 2 ModalitiesInStudy
I: (0020,000d) UI [1.2.410.2000058.82.2.1384.1022898736]   #  36, 1 StudyInstanceUID
I: 
I: ---------------------------
I: Find Response: 29 (Pending)
I: 
I: # Dicom-Data-Set
I: # Used TransferSyntax: Little Endian Explicit
I: (0008,0020) DA [20220712]                               #   8, 1 StudyDate
I: (0008,0052) CS [STUDY ]                                 #   6, 1 QueryRetrieveLevel
I: (0008,0061) CS [CT\PT ]                                 #   6, 2 ModalitiesInStudy
I: (0020,000d) UI [1.2.410.2000058.82.2.1384.1022908044]   #  36, 1 StudyInstanceUID
I: 
I: ---------------------------
I: Find Response: 30 (Pending)
I: 
I: # Dicom-Data-Set
I: # Used TransferSyntax: Little Endian Explicit
I: (0008,0020) DA [20220811]                               #   8, 1 StudyDate
I: (0008,0052) CS [STUDY ]                                 #   6, 1 QueryRetrieveLevel
I: (0008,0061) CS [CT\PT ]                                 #   6, 2 ModalitiesInStudy
I: (0020,000d) UI [1.2.410.2000058.82.2.1384.1022947745]   #  36, 1 StudyInstanceUID
I: 
I: ---------------------------
I: Find Response: 31 (Pending)
I: 
I: # Dicom-Data-Set
I: # Used TransferSyntax: Little Endian Explicit
I: (0008,0020) DA [20221017]                               #   8, 1 StudyDate
I: (0008,0052) CS [STUDY ]                                 #   6, 1 QueryRetrieveLevel
I: (0008,0061) CS [CT\PT ]                                 #   6, 2 ModalitiesInStudy
I: (0020,000d) UI [1.2.410.2000058.82.2.1384.1023024295]   #  36, 1 StudyInstanceUID
I: 
I: ---------------------------
I: Find Response: 32 (Pending)
I: 
I: # Dicom-Data-Set
I: # Used TransferSyntax: Little Endian Explicit
I: (0008,0020) DA [20221104]                               #   8, 1 StudyDate
I: (0008,0052) CS [STUDY ]                                 #   6, 1 QueryRetrieveLevel
I: (0008,0061) CS [CT\PT ]                                 #   6, 2 ModalitiesInStudy
I: (0020,000d) UI [1.2.410.2000058.82.2.1384.1023050053]   #  36, 1 StudyInstanceUID
I: 
I: ---------------------------
I: Find Response: 33 (Pending)
I: 
I: # Dicom-Data-Set
I: # Used TransferSyntax: Little Endian Explicit
I: (0008,0020) DA [20221123]                               #   8, 1 StudyDate
I: (0008,0052) CS [STUDY ]                                 #   6, 1 QueryRetrieveLevel
I: (0008,0061) CS [CT\PT ]                                 #   6, 2 ModalitiesInStudy
I: (0020,000d) UI [1.2.410.2000058.82.2.1384.1023074686]   #  36, 1 StudyInstanceUID
I: 
I: ---------------------------
I: Find Response: 34 (Pending)
I: 
I: # Dicom-Data-Set
I: # Used TransferSyntax: Little Endian Explicit
I: (0008,0020) DA [20221215]                               #   8, 1 StudyDate
I: (0008,0052) CS [STUDY ]                                 #   6, 1 QueryRetrieveLevel
I: (0008,0061) CS [CT\PT ]                                 #   6, 2 ModalitiesInStudy
I: (0020,000d) UI [1.2.410.2000058.82.2.1384.1023104929]   #  36, 1 StudyInstanceUID
I: 
I: Received Final Find Response (Success)
I: Releasing Association
