I: Requesting Association
I: Association Accepted (Max Send PDV: 32756)
I: Sending Move Request (MsgID 1)
I: Request Identifiers:
I: 
I: # Dicom-Data-Set
I: # Used TransferSyntax: Little Endian Explicit
I: (0008,0052) CS [STUDY]                                  #   6, 1 QueryRetrieveLevel
I: (0020,000d) UI [1.2.410.2000058.82.2.1384.1024149332]   #  36, 1 StudyInstanceUID
I: 
I: Received Move Response 1 (Pending)
I: Received Move Response 2 (Pending)
I: Received Move Response 3 (Pending)
I: Received Move Response 4 (Pending)
I: Received Move Response 5 (Pending)
I: Received Move Response 6 (Pending)
I: Received Move Response 7 (Pending)
I: Received Move Response 8 (Pending)
I: Received Move Response 9 (Pending)
I: Received Move Response 10 (Pending)
I: Received Move Response 11 (Pending)
I: Received Move Response 12 (Pending)
I: Received Move Response 13 (Pending)
I: Received Move Response 14 (Pending)
I: Received Move Response 15 (Pending)
I: Received Move Response 16 (Pending)
I: Received Move Response 17 (Pending)
I: Received Move Response 18 (Pending)
I: Received Move Response 19 (Pending)
I: Received Move Response 20 (Pending)
I: Received Move Response 21 (Pending)
I: Received Move Response 22 (Pending)
I: Received Move Response 23 (Pending)
I: Received Move Response 24 (Pending)
I: Received Move Response 25 (Pending)
I: Received Move Response 26 (Pending)
I: Received Move Response 27 (Pending)
I: Received Move Response 28 (Pending)
I: Received Move Response 29 (Pending)
I: Received Move Response 30 (Pending)
I: Received Move Response 31 (Pending)
I: Received Move Response 32 (Pending)
I: Received Move Response 33 (Pending)
I: Received Move Response 34 (Pending)
I: Received Move Response 35 (Pending)
I: Received Move Response 36 (Pending)
I: Received Move Response 37 (Pending)
I: Received Move Response 38 (Pending)
I: Received Move Response 39 (Pending)
I: Received Move Response 40 (Pending)
I: Received Move Response 41 (Pending)
I: Received Move Response 42 (Pending)
I: Received Move Response 43 (Pending)
I: Received Move Response 44 (Pending)
I: Received Move Response 45 (Pending)
I: Received Move Response 46 (Pending)
I: Received Move Response 47 (Pending)
I: Received Move Response 48 (Pending)
I: Received Move Response 49 (Pending)
I: Received Move Response 50 (Pending)
I: Received Move Response 51 (Pending)
I: Received Move Response 52 (Pending)
I: Received Move Response 53 (Pending)
I: Received Move Response 54 (Pending)
I: Received Move Response 55 (Pending)
I: Received Move Response 56 (Pending)
I: Received Move Response 57 (Pending)
I: Received Move Response 58 (Pending)
I: Received Move Response 59 (Pending)
I: Received Move Response 60 (Pending)
I: Received Move Response 61 (Pending)
I: Received Move Response 62 (Pending)
I: Received Move Response 63 (Pending)
I: Received Move Response 64 (Pending)
I: Received Move Response 65 (Pending)
I: Received Move Response 66 (Pending)
I: Received Move Response 67 (Pending)
I: Received Move Response 68 (Pending)
I: Received Move Response 69 (Pending)
I: Received Move Response 70 (Pending)
I: Received Move Response 71 (Pending)
I: Received Move Response 72 (Pending)
I: Received Move Response 73 (Pending)
I: Received Move Response 74 (Pending)
I: Received Move Response 75 (Pending)
I: Received Move Response 76 (Pending)
I: Received Move Response 77 (Pending)
I: Received Move Response 78 (Pending)
I: Received Move Response 79 (Pending)
I: Received Move Response 80 (Pending)
I: Received Move Response 81 (Pending)
I: Received Move Response 82 (Pending)
I: Received Move Response 83 (Pending)
I: Received Move Response 84 (Pending)
I: Received Move Response 85 (Pending)
I: Received Move Response 86 (Pending)
I: Received Move Response 87 (Pending)
I: Received Move Response 88 (Pending)
I: Received Move Response 89 (Pending)
I: Received Move Response 90 (Pending)
I: Received Move Response 91 (Pending)
I: Received Move Response 92 (Pending)
I: Received Move Response 93 (Pending)
I: Received Move Response 94 (Pending)
I: Received Move Response 95 (Pending)
I: Received Move Response 96 (Pending)
I: Received Move Response 97 (Pending)
I: Received Move Response 98 (Pending)
I: Received Move Response 99 (Pending)
I: Received Move Response 100 (Pending)
I: Received Move Response 101 (Pending)
I: Received Move Response 102 (Pending)
I: Received Move Response 103 (Pending)
I: Received Move Response 104 (Pending)
I: Received Move Response 105 (Pending)
I: Received Move Response 106 (Pending)
I: Received Move Response 107 (Pending)
I: Received Move Response 108 (Pending)
I: Received Move Response 109 (Pending)
I: Received Move Response 110 (Pending)
I: Received Move Response 111 (Pending)
I: Received Move Response 112 (Pending)
I: Received Move Response 113 (Pending)
I: Received Move Response 114 (Pending)
I: Received Move Response 115 (Pending)
I: Received Move Response 116 (Pending)
I: Received Move Response 117 (Pending)
I: Received Move Response 118 (Pending)
I: Received Move Response 119 (Pending)
I: Received Move Response 120 (Pending)
I: Received Move Response 121 (Pending)
I: Received Move Response 122 (Pending)
I: Received Move Response 123 (Pending)
I: Received Move Response 124 (Pending)
I: Received Move Response 125 (Pending)
I: Received Move Response 126 (Pending)
I: Received Move Response 127 (Pending)
I: Received Move Response 128 (Pending)
I: Received Move Response 129 (Pending)
I: Received Move Response 130 (Pending)
I: Received Move Response 131 (Pending)
I: Received Move Response 132 (Pending)
I: Received Move Response 133 (Pending)
I: Received Move Response 134 (Pending)
I: Received Move Response 135 (Pending)
I: Received Move Response 136 (Pending)
I: Received Move Response 137 (Pending)
I: Received Move Response 138 (Pending)
I: Received Move Response 139 (Pending)
I: Received Move Response 140 (Pending)
I: Received Move Response 141 (Pending)
I: Received Move Response 142 (Pending)
I: Received Move Response 143 (Pending)
I: Received Move Response 144 (Pending)
I: Received Move Response 145 (Pending)
I: Received Move Response 146 (Pending)
I: Received Move Response 147 (Pending)
I: Received Move Response 148 (Pending)
I: Received Move Response 149 (Pending)
I: Received Move Response 150 (Pending)
I: Received Move Response 151 (Pending)
I: Received Move Response 152 (Pending)
I: Received Move Response 153 (Pending)
I: Received Move Response 154 (Pending)
I: Received Move Response 155 (Pending)
I: Received Move Response 156 (Pending)
I: Received Move Response 157 (Pending)
I: Received Move Response 158 (Pending)
I: Received Move Response 159 (Pending)
I: Received Move Response 160 (Pending)
I: Received Move Response 161 (Pending)
I: Received Move Response 162 (Pending)
I: Received Move Response 163 (Pending)
I: Received Move Response 164 (Pending)
I: Received Move Response 165 (Pending)
I: Received Move Response 166 (Pending)
I: Received Move Response 167 (Pending)
I: Received Move Response 168 (Pending)
I: Received Move Response 169 (Pending)
I: Received Move Response 170 (Pending)
I: Received Move Response 171 (Pending)
I: Received Move Response 172 (Pending)
I: Received Move Response 173 (Pending)
I: Received Move Response 174 (Pending)
I: Received Move Response 175 (Pending)
I: Received Move Response 176 (Pending)
I: Received Move Response 177 (Pending)
I: Received Move Response 178 (Pending)
I: Received Move Response 179 (Pending)
I: Received Move Response 180 (Pending)
I: Received Move Response 181 (Pending)
I: Received Move Response 182 (Pending)
I: Received Move Response 183 (Pending)
I: Received Move Response 184 (Pending)
I: Received Move Response 185 (Pending)
I: Received Move Response 186 (Pending)
I: Received Move Response 187 (Pending)
I: Received Move Response 188 (Pending)
I: Received Move Response 189 (Pending)
I: Received Move Response 190 (Pending)
I: Received Move Response 191 (Pending)
I: Received Move Response 192 (Pending)
I: Received Move Response 193 (Pending)
I: Received Move Response 194 (Pending)
I: Received Move Response 195 (Pending)
I: Received Move Response 196 (Pending)
I: Received Move Response 197 (Pending)
I: Received Move Response 198 (Pending)
I: Received Move Response 199 (Pending)
I: Received Move Response 200 (Pending)
I: Received Move Response 201 (Pending)
I: Received Move Response 202 (Pending)
I: Received Move Response 203 (Pending)
I: Received Move Response 204 (Pending)
I: Received Move Response 205 (Pending)
I: Received Move Response 206 (Pending)
I: Received Move Response 207 (Pending)
I: Received Move Response 208 (Pending)
I: Received Move Response 209 (Pending)
I: Received Move Response 210 (Pending)
I: Received Move Response 211 (Pending)
I: Received Move Response 212 (Pending)
I: Received Move Response 213 (Pending)
I: Received Move Response 214 (Pending)
I: Received Move Response 215 (Pending)
I: Received Move Response 216 (Pending)
I: Received Move Response 217 (Pending)
I: Received Move Response 218 (Pending)
I: Received Move Response 219 (Pending)
I: Received Move Response 220 (Pending)
I: Received Move Response 221 (Pending)
I: Received Move Response 222 (Pending)
I: Received Move Response 223 (Pending)
I: Received Move Response 224 (Pending)
I: Received Move Response 225 (Pending)
I: Received Move Response 226 (Pending)
I: Received Move Response 227 (Pending)
I: Received Move Response 228 (Pending)
I: Received Move Response 229 (Pending)
I: Received Move Response 230 (Pending)
I: Received Move Response 231 (Pending)
I: Received Move Response 232 (Pending)
I: Received Move Response 233 (Pending)
I: Received Move Response 234 (Pending)
I: Received Move Response 235 (Pending)
I: Received Move Response 236 (Pending)
I: Received Move Response 237 (Pending)
I: Received Move Response 238 (Pending)
I: Received Move Response 239 (Pending)
I: Received Move Response 240 (Pending)
I: Received Move Response 241 (Pending)
I: Received Move Response 242 (Pending)
I: Received Move Response 243 (Pending)
I: Received Move Response 244 (Pending)
I: Received Move Response 245 (Pending)
I: Received Move Response 246 (Pending)
I: Received Move Response 247 (Pending)
I: Received Move Response 248 (Pending)
I: Received Move Response 249 (Pending)
I: Received Move Response 250 (Pending)
I: Received Move Response 251 (Pending)
I: Received Move Response 252 (Pending)
I: Received Move Response 253 (Pending)
I: Received Move Response 254 (Pending)
I: Received Move Response 255 (Pending)
I: Received Move Response 256 (Pending)
I: Received Move Response 257 (Pending)
I: Received Move Response 258 (Pending)
I: Received Move Response 259 (Pending)
I: Received Move Response 260 (Pending)
I: Received Move Response 261 (Pending)
I: Received Move Response 262 (Pending)
I: Received Move Response 263 (Pending)
I: Received Move Response 264 (Pending)
I: Received Move Response 265 (Pending)
I: Received Move Response 266 (Pending)
I: Received Move Response 267 (Pending)
I: Received Move Response 268 (Pending)
I: Received Move Response 269 (Pending)
I: Received Move Response 270 (Pending)
I: Received Move Response 271 (Pending)
I: Received Move Response 272 (Pending)
I: Received Move Response 273 (Pending)
I: Received Move Response 274 (Pending)
I: Received Move Response 275 (Pending)
I: Received Move Response 276 (Pending)
I: Received Move Response 277 (Pending)
I: Received Move Response 278 (Pending)
I: Received Move Response 279 (Pending)
I: Received Move Response 280 (Pending)
I: Received Move Response 281 (Pending)
I: Received Move Response 282 (Pending)
I: Received Move Response 283 (Pending)
I: Received Move Response 284 (Pending)
I: Received Move Response 285 (Pending)
I: Received Move Response 286 (Pending)
I: Received Move Response 287 (Pending)
I: Received Move Response 288 (Pending)
I: Received Move Response 289 (Pending)
I: Received Move Response 290 (Pending)
I: Received Move Response 291 (Pending)
I: Received Move Response 292 (Pending)
I: Received Move Response 293 (Pending)
I: Received Move Response 294 (Pending)
I: Received Move Response 295 (Pending)
I: Received Move Response 296 (Pending)
I: Received Move Response 297 (Pending)
I: Received Move Response 298 (Pending)
I: Received Move Response 299 (Pending)
I: Received Move Response 300 (Pending)
I: Received Move Response 301 (Pending)
I: Received Move Response 302 (Pending)
I: Received Move Response 303 (Pending)
I: Received Move Response 304 (Pending)
I: Received Move Response 305 (Pending)
I: Received Move Response 306 (Pending)
I: Received Move Response 307 (Pending)
I: Received Move Response 308 (Pending)
I: Received Move Response 309 (Pending)
I: Received Move Response 310 (Pending)
I: Received Move Response 311 (Pending)
I: Received Move Response 312 (Pending)
I: Received Move Response 313 (Pending)
I: Received Move Response 314 (Pending)
I: Received Move Response 315 (Pending)
I: Received Move Response 316 (Pending)
I: Received Move Response 317 (Pending)
I: Received Move Response 318 (Pending)
I: Received Move Response 319 (Pending)
I: Received Move Response 320 (Pending)
I: Received Move Response 321 (Pending)
I: Received Move Response 322 (Pending)
I: Received Move Response 323 (Pending)
I: Received Move Response 324 (Pending)
I: Received Move Response 325 (Pending)
I: Received Move Response 326 (Pending)
I: Received Move Response 327 (Pending)
I: Received Move Response 328 (Pending)
I: Received Move Response 329 (Pending)
I: Received Move Response 330 (Pending)
I: Received Move Response 331 (Pending)
I: Received Move Response 332 (Pending)
I: Received Move Response 333 (Pending)
I: Received Move Response 334 (Pending)
I: Received Move Response 335 (Pending)
I: Received Move Response 336 (Pending)
I: Received Move Response 337 (Pending)
I: Received Move Response 338 (Pending)
I: Received Move Response 339 (Pending)
I: Received Move Response 340 (Pending)
I: Received Move Response 341 (Pending)
I: Received Move Response 342 (Pending)
I: Received Move Response 343 (Pending)
I: Received Move Response 344 (Pending)
I: Received Move Response 345 (Pending)
I: Received Move Response 346 (Pending)
I: Received Move Response 347 (Pending)
I: Received Move Response 348 (Pending)
I: Received Move Response 349 (Pending)
I: Received Move Response 350 (Pending)
I: Received Move Response 351 (Pending)
I: Received Move Response 352 (Pending)
I: Received Move Response 353 (Pending)
I: Received Move Response 354 (Pending)
I: Received Move Response 355 (Pending)
I: Received Move Response 356 (Pending)
I: Received Move Response 357 (Pending)
I: Received Move Response 358 (Pending)
I: Received Move Response 359 (Pending)
I: Received Move Response 360 (Pending)
I: Received Move Response 361 (Pending)
I: Received Move Response 362 (Pending)
I: Received Move Response 363 (Pending)
I: Received Move Response 364 (Pending)
I: Received Move Response 365 (Pending)
I: Received Move Response 366 (Pending)
I: Received Move Response 367 (Pending)
I: Received Move Response 368 (Pending)
I: Received Move Response 369 (Pending)
I: Received Move Response 370 (Pending)
I: Received Move Response 371 (Pending)
I: Received Move Response 372 (Pending)
I: Received Move Response 373 (Pending)
I: Received Move Response 374 (Pending)
I: Received Move Response 375 (Pending)
I: Received Move Response 376 (Pending)
I: Received Move Response 377 (Pending)
I: Received Move Response 378 (Pending)
I: Received Move Response 379 (Pending)
I: Received Move Response 380 (Pending)
I: Received Move Response 381 (Pending)
I: Received Move Response 382 (Pending)
I: Received Move Response 383 (Pending)
I: Received Move Response 384 (Pending)
I: Received Move Response 385 (Pending)
I: Received Move Response 386 (Pending)
I: Received Move Response 387 (Pending)
I: Received Move Response 388 (Pending)
I: Received Move Response 389 (Pending)
I: Received Move Response 390 (Pending)
I: Received Move Response 391 (Pending)
I: Received Move Response 392 (Pending)
I: Received Move Response 393 (Pending)
I: Received Move Response 394 (Pending)
I: Received Move Response 395 (Pending)
I: Received Move Response 396 (Pending)
I: Received Move Response 397 (Pending)
I: Received Move Response 398 (Pending)
I: Received Move Response 399 (Pending)
I: Received Move Response 400 (Pending)
I: Received Move Response 401 (Pending)
I: Received Move Response 402 (Pending)
I: Received Move Response 403 (Pending)
I: Received Move Response 404 (Pending)
I: Received Move Response 405 (Pending)
I: Received Move Response 406 (Pending)
I: Received Move Response 407 (Pending)
I: Received Move Response 408 (Pending)
I: Received Move Response 409 (Pending)
I: Received Move Response 410 (Pending)
I: Received Move Response 411 (Pending)
I: Received Move Response 412 (Pending)
I: Received Move Response 413 (Pending)
I: Received Move Response 414 (Pending)
I: Received Move Response 415 (Pending)
I: Received Move Response 416 (Pending)
I: Received Move Response 417 (Pending)
I: Received Move Response 418 (Pending)
I: Received Move Response 419 (Pending)
I: Received Move Response 420 (Pending)
I: Received Move Response 421 (Pending)
I: Received Move Response 422 (Pending)
I: Received Move Response 423 (Pending)
I: Received Move Response 424 (Pending)
I: Received Move Response 425 (Pending)
I: Received Move Response 426 (Pending)
I: Received Move Response 427 (Pending)
I: Received Move Response 428 (Pending)
I: Received Move Response 429 (Pending)
I: Received Move Response 430 (Pending)
I: Received Move Response 431 (Pending)
I: Received Move Response 432 (Pending)
I: Received Move Response 433 (Pending)
I: Received Move Response 434 (Pending)
I: Received Move Response 435 (Pending)
I: Received Move Response 436 (Pending)
I: Received Move Response 437 (Pending)
I: Received Move Response 438 (Pending)
I: Received Move Response 439 (Pending)
I: Received Move Response 440 (Pending)
I: Received Move Response 441 (Pending)
I: Received Move Response 442 (Pending)
I: Received Move Response 443 (Pending)
I: Received Move Response 444 (Pending)
I: Received Move Response 445 (Pending)
I: Received Move Response 446 (Pending)
I: Received Move Response 447 (Pending)
I: Received Move Response 448 (Pending)
I: Received Move Response 449 (Pending)
I: Received Move Response 450 (Pending)
I: Received Move Response 451 (Pending)
I: Received Move Response 452 (Pending)
I: Received Move Response 453 (Pending)
I: Received Move Response 454 (Pending)
I: Received Move Response 455 (Pending)
I: Received Move Response 456 (Pending)
I: Received Move Response 457 (Pending)
I: Received Move Response 458 (Pending)
I: Received Move Response 459 (Pending)
I: Received Move Response 460 (Pending)
I: Received Move Response 461 (Pending)
I: Received Move Response 462 (Pending)
I: Received Move Response 463 (Pending)
I: Received Move Response 464 (Pending)
I: Received Move Response 465 (Pending)
I: Received Move Response 466 (Pending)
I: Received Move Response 467 (Pending)
I: Received Move Response 468 (Pending)
I: Received Move Response 469 (Pending)
I: Received Move Response 470 (Pending)
I: Received Move Response 471 (Pending)
I: Received Move Response 472 (Pending)
I: Received Move Response 473 (Pending)
I: Received Move Response 474 (Pending)
I: Received Move Response 475 (Pending)
I: Received Move Response 476 (Pending)
I: Received Move Response 477 (Pending)
I: Received Move Response 478 (Pending)
I: Received Move Response 479 (Pending)
I: Received Move Response 480 (Pending)
I: Received Move Response 481 (Pending)
I: Received Move Response 482 (Pending)
I: Received Move Response 483 (Pending)
I: Received Move Response 484 (Pending)
I: Received Move Response 485 (Pending)
I: Received Move Response 486 (Pending)
I: Received Move Response 487 (Pending)
I: Received Move Response 488 (Pending)
I: Received Move Response 489 (Pending)
I: Received Move Response 490 (Pending)
I: Received Move Response 491 (Pending)
I: Received Move Response 492 (Pending)
I: Received Move Response 493 (Pending)
I: Received Move Response 494 (Pending)
I: Received Move Response 495 (Pending)
I: Received Move Response 496 (Pending)
I: Received Move Response 497 (Pending)
I: Received Move Response 498 (Pending)
I: Received Move Response 499 (Pending)
I: Received Move Response 500 (Pending)
I: Received Move Response 501 (Pending)
I: Received Move Response 502 (Pending)
I: Received Move Response 503 (Pending)
I: Received Move Response 504 (Pending)
I: Received Move Response 505 (Pending)
I: Received Move Response 506 (Pending)
I: Received Move Response 507 (Pending)
I: Received Move Response 508 (Pending)
I: Received Move Response 509 (Pending)
I: Received Move Response 510 (Pending)
I: Received Move Response 511 (Pending)
I: Received Move Response 512 (Pending)
I: Received Move Response 513 (Pending)
I: Received Move Response 514 (Pending)
I: Received Move Response 515 (Pending)
I: Received Move Response 516 (Pending)
I: Received Move Response 517 (Pending)
I: Received Move Response 518 (Pending)
I: Received Move Response 519 (Pending)
I: Received Move Response 520 (Pending)
I: Received Move Response 521 (Pending)
I: Received Move Response 522 (Pending)
I: Received Move Response 523 (Pending)
I: Received Move Response 524 (Pending)
I: Received Move Response 525 (Pending)
I: Received Move Response 526 (Pending)
I: Received Move Response 527 (Pending)
I: Received Move Response 528 (Pending)
I: Received Move Response 529 (Pending)
I: Received Move Response 530 (Pending)
I: Received Move Response 531 (Pending)
I: Received Move Response 532 (Pending)
I: Received Move Response 533 (Pending)
I: Received Move Response 534 (Pending)
I: Received Move Response 535 (Pending)
I: Received Move Response 536 (Pending)
I: Received Move Response 537 (Pending)
I: Received Move Response 538 (Pending)
I: Received Move Response 539 (Pending)
I: Received Move Response 540 (Pending)
I: Received Move Response 541 (Pending)
I: Received Move Response 542 (Pending)
I: Received Move Response 543 (Pending)
I: Received Move Response 544 (Pending)
I: Received Move Response 545 (Pending)
I: Received Move Response 546 (Pending)
I: Received Move Response 547 (Pending)
I: Received Move Response 548 (Pending)
I: Received Move Response 549 (Pending)
I: Received Move Response 550 (Pending)
I: Received Move Response 551 (Pending)
I: Received Move Response 552 (Pending)
I: Received Move Response 553 (Pending)
I: Received Move Response 554 (Pending)
I: Received Move Response 555 (Pending)
I: Received Move Response 556 (Pending)
I: Received Move Response 557 (Pending)
I: Received Move Response 558 (Pending)
I: Received Move Response 559 (Pending)
I: Received Move Response 560 (Pending)
I: Received Move Response 561 (Pending)
I: Received Move Response 562 (Pending)
I: Received Move Response 563 (Pending)
I: Received Move Response 564 (Pending)
I: Received Move Response 565 (Pending)
I: Received Move Response 566 (Pending)
I: Received Move Response 567 (Pending)
I: Received Move Response 568 (Pending)
I: Received Move Response 569 (Pending)
I: Received Move Response 570 (Pending)
I: Received Move Response 571 (Pending)
I: Received Move Response 572 (Pending)
I: Received Move Response 573 (Pending)
I: Received Move Response 574 (Pending)
I: Received Move Response 575 (Pending)
I: Received Move Response 576 (Pending)
I: Received Move Response 577 (Pending)
I: Received Move Response 578 (Pending)
I: Received Move Response 579 (Pending)
I: Received Move Response 580 (Pending)
I: Received Move Response 581 (Pending)
I: Received Move Response 582 (Pending)
I: Received Move Response 583 (Pending)
I: Received Move Response 584 (Pending)
I: Received Move Response 585 (Pending)
I: Received Move Response 586 (Pending)
I: Received Move Response 587 (Pending)
I: Received Move Response 588 (Pending)
I: Received Move Response 589 (Pending)
I: Received Move Response 590 (Pending)
I: Received Move Response 591 (Pending)
I: Received Move Response 592 (Pending)
I: Received Move Response 593 (Pending)
I: Received Move Response 594 (Pending)
I: Received Move Response 595 (Pending)
I: Received Move Response 596 (Pending)
I: Received Move Response 597 (Pending)
I: Received Move Response 598 (Pending)
I: Received Move Response 599 (Pending)
I: Received Move Response 600 (Pending)
I: Received Move Response 601 (Pending)
I: Received Move Response 602 (Pending)
I: Received Move Response 603 (Pending)
I: Received Move Response 604 (Pending)
I: Received Move Response 605 (Pending)
I: Received Move Response 606 (Pending)
I: Received Move Response 607 (Pending)
I: Received Move Response 608 (Pending)
I: Received Move Response 609 (Pending)
I: Received Move Response 610 (Pending)
I: Received Move Response 611 (Pending)
I: Received Move Response 612 (Pending)
I: Received Move Response 613 (Pending)
I: Received Move Response 614 (Pending)
I: Received Move Response 615 (Pending)
I: Received Move Response 616 (Pending)
I: Received Move Response 617 (Pending)
I: Received Move Response 618 (Pending)
I: Received Move Response 619 (Pending)
I: Received Move Response 620 (Pending)
I: Received Move Response 621 (Pending)
I: Received Move Response 622 (Pending)
I: Received Move Response 623 (Pending)
I: Received Move Response 624 (Pending)
I: Received Move Response 625 (Pending)
I: Received Move Response 626 (Pending)
I: Received Move Response 627 (Pending)
I: Received Move Response 628 (Pending)
I: Received Move Response 629 (Pending)
I: Received Move Response 630 (Pending)
I: Received Move Response 631 (Pending)
I: Received Move Response 632 (Pending)
I: Received Move Response 633 (Pending)
I: Received Move Response 634 (Pending)
I: Received Move Response 635 (Pending)
I: Received Move Response 636 (Pending)
I: Received Move Response 637 (Pending)
I: Received Move Response 638 (Pending)
I: Received Move Response 639 (Pending)
I: Received Move Response 640 (Pending)
I: Received Move Response 641 (Pending)
I: Received Move Response 642 (Pending)
I: Received Move Response 643 (Pending)
I: Received Move Response 644 (Pending)
I: Received Move Response 645 (Pending)
I: Received Move Response 646 (Pending)
I: Received Move Response 647 (Pending)
I: Received Move Response 648 (Pending)
I: Received Move Response 649 (Pending)
I: Received Move Response 650 (Pending)
I: Received Move Response 651 (Pending)
I: Received Move Response 652 (Pending)
I: Received Move Response 653 (Pending)
I: Received Move Response 654 (Pending)
I: Received Move Response 655 (Pending)
I: Received Move Response 656 (Pending)
I: Received Move Response 657 (Pending)
I: Received Move Response 658 (Pending)
I: Received Move Response 659 (Pending)
I: Received Move Response 660 (Pending)
I: Received Move Response 661 (Pending)
I: Received Move Response 662 (Pending)
I: Received Move Response 663 (Pending)
I: Received Move Response 664 (Pending)
I: Received Move Response 665 (Pending)
I: Received Move Response 666 (Pending)
I: Received Move Response 667 (Pending)
I: Received Move Response 668 (Pending)
I: Received Move Response 669 (Pending)
I: Received Move Response 670 (Pending)
I: Received Move Response 671 (Pending)
I: Received Move Response 672 (Pending)
I: Received Move Response 673 (Pending)
I: Received Move Response 674 (Pending)
I: Received Move Response 675 (Pending)
I: Received Move Response 676 (Pending)
I: Received Move Response 677 (Pending)
I: Received Move Response 678 (Pending)
I: Received Move Response 679 (Pending)
I: Received Move Response 680 (Pending)
I: Received Move Response 681 (Pending)
I: Received Move Response 682 (Pending)
I: Received Move Response 683 (Pending)
I: Received Move Response 684 (Pending)
I: Received Move Response 685 (Pending)
I: Received Move Response 686 (Pending)
I: Received Move Response 687 (Pending)
I: Received Move Response 688 (Pending)
I: Received Move Response 689 (Pending)
I: Received Move Response 690 (Pending)
I: Received Move Response 691 (Pending)
I: Received Move Response 692 (Pending)
I: Received Move Response 693 (Pending)
I: Received Move Response 694 (Pending)
I: Received Move Response 695 (Pending)
I: Received Move Response 696 (Pending)
I: Received Move Response 697 (Pending)
I: Received Move Response 698 (Pending)
I: Received Move Response 699 (Pending)
I: Received Move Response 700 (Pending)
I: Received Move Response 701 (Pending)
I: Received Move Response 702 (Pending)
I: Received Move Response 703 (Pending)
I: Received Move Response 704 (Pending)
I: Received Move Response 705 (Pending)
I: Received Move Response 706 (Pending)
I: Received Move Response 707 (Pending)
I: Received Move Response 708 (Pending)
I: Received Move Response 709 (Pending)
I: Received Move Response 710 (Pending)
I: Received Move Response 711 (Pending)
I: Received Move Response 712 (Pending)
I: Received Move Response 713 (Pending)
I: Received Move Response 714 (Pending)
I: Received Move Response 715 (Pending)
I: Received Move Response 716 (Pending)
I: Received Move Response 717 (Pending)
I: Received Move Response 718 (Pending)
I: Received Move Response 719 (Pending)
I: Received Move Response 720 (Pending)
I: Received Move Response 721 (Pending)
I: Received Move Response 722 (Pending)
I: Received Move Response 723 (Pending)
I: Received Move Response 724 (Pending)
I: Received Move Response 725 (Pending)
I: Received Move Response 726 (Pending)
I: Received Move Response 727 (Pending)
I: Received Move Response 728 (Pending)
I: Received Move Response 729 (Pending)
I: Received Move Response 730 (Pending)
I: Received Move Response 731 (Pending)
I: Received Move Response 732 (Pending)
I: Received Move Response 733 (Pending)
I: Received Move Response 734 (Pending)
I: Received Move Response 735 (Pending)
I: Received Move Response 736 (Pending)
I: Received Move Response 737 (Pending)
I: Received Move Response 738 (Pending)
I: Received Move Response 739 (Pending)
I: Received Move Response 740 (Pending)
I: Received Move Response 741 (Pending)
I: Received Move Response 742 (Pending)
I: Received Move Response 743 (Pending)
I: Received Move Response 744 (Pending)
I: Received Move Response 745 (Pending)
I: Received Move Response 746 (Pending)
I: Received Move Response 747 (Pending)
I: Received Move Response 748 (Pending)
I: Received Move Response 749 (Pending)
I: Received Move Response 750 (Pending)
I: Received Move Response 751 (Pending)
I: Received Move Response 752 (Pending)
I: Received Move Response 753 (Pending)
I: Received Move Response 754 (Pending)
I: Received Move Response 755 (Pending)
I: Received Move Response 756 (Pending)
I: Received Move Response 757 (Pending)
I: Received Move Response 758 (Pending)
I: Received Move Response 759 (Pending)
I: Received Move Response 760 (Pending)
I: Received Move Response 761 (Pending)
I: Received Move Response 762 (Pending)
I: Received Move Response 763 (Pending)
I: Received Move Response 764 (Pending)
I: Received Move Response 765 (Pending)
I: Received Move Response 766 (Pending)
I: Received Move Response 767 (Pending)
I: Received Move Response 768 (Pending)
I: Received Move Response 769 (Pending)
I: Received Move Response 770 (Pending)
I: Received Move Response 771 (Pending)
I: Received Move Response 772 (Pending)
I: Received Move Response 773 (Pending)
I: Received Move Response 774 (Pending)
I: Received Move Response 775 (Pending)
I: Received Move Response 776 (Pending)
I: Received Move Response 777 (Pending)
I: Received Move Response 778 (Pending)
I: Received Move Response 779 (Pending)
I: Received Move Response 780 (Pending)
I: Received Move Response 781 (Pending)
I: Received Move Response 782 (Pending)
I: Received Move Response 783 (Pending)
I: Received Move Response 784 (Pending)
I: Received Move Response 785 (Pending)
I: Received Move Response 786 (Pending)
I: Received Move Response 787 (Pending)
I: Received Move Response 788 (Pending)
I: Received Move Response 789 (Pending)
I: Received Move Response 790 (Pending)
I: Received Move Response 791 (Pending)
I: Received Final Move Response (Success)
I: Releasing Association
