**********************
Windows PowerShell 기록 시작
시작 시간: 20250428143519
사용자 이름: KIMBI\Ben
RunAs 사용자: KIMBI\Ben
구성 이름: 
Machine: KIMBI (Microsoft Windows NT 10.0.19045.0)
호스트 응용 프로그램: C:\Windows\System32\WindowsPowerShell\v1.0\powershell.exe
프로세스 ID: 47904
PSVersion: 5.1.19041.5737
PSEdition: Desktop
PSCompatibleVersions: 1.0, 2.0, 3.0, 4.0, 5.0, 5.1.19041.5737
BuildVersion: 10.0.19041.5737
CLRVersion: 4.0.30319.42000
WSManStackVersion: 3.0
PSRemotingProtocolVersion: 2.3
SerializationVersion: 1.1.0.1
**********************
기록이 시작되었습니다. 출력 파일은 C:\nmdose\logs\sync_20250428_143519.log입니다.
Script running for StudyDate=20250101-20250428, Modality=NM
Querying studies on NMPACS...
Found 0 studies from 20250101 to 20250428.
No studies to synchronize. Exiting.
**********************
Windows PowerShell 기록 끝
종료 시간: 20250428143522
**********************
