**********************
Windows PowerShell 기록 시작
시작 시간: 20250430165634
사용자 이름: KIMBI\Ben
RunAs 사용자: KIMBI\Ben
구성 이름: 
Machine: KIMBI (Microsoft Windows NT 10.0.19045.0)
호스트 응용 프로그램: C:\Windows\System32\WindowsPowerShell\v1.0\powershell.exe
프로세스 ID: 35640
PSVersion: 5.1.19041.5737
PSEdition: Desktop
PSCompatibleVersions: 1.0, 2.0, 3.0, 4.0, 5.0, 5.1.19041.5737
BuildVersion: 10.0.19041.5737
CLRVersion: 4.0.30319.42000
WSManStackVersion: 3.0
PSRemotingProtocolVersion: 2.3
SerializationVersion: 1.1.0.1
**********************
기록이 시작되었습니다. 출력 파일은 C:\nmdose\logs\sync_20250430_165634.log입니다.
Script started for date range 20250101-20250102 and modalities NM
Querying studies on NMPACS...
 ??Modality = NM
이 개체에서 'Count' 속성을 찾을 수 없습니다. 해당 속성이 있는지 검증하십시오.
위치 C:\nmdose\bin\copy_to_orthanc.ps1:80 문자:40
+ Write-Host "Total unique UIDs found: $($uids.Count)" -ForegroundColor ...
+                                        ~~~~~~~~~~~
    + CategoryInfo          : NotSpecified: (:) [], PropertyNotFoundException
    + FullyQualifiedErrorId : PropertyNotFoundStrict
이 개체에서 'Count' 속성을 찾을 수 없습니다. 해당 속성이 있는지 검증하십시오.
위치 C:\nmdose\bin\copy_to_orthanc.ps1:80 문자:40
+ Write-Host "Total unique UIDs found: $($uids.Count)" -ForegroundColor ...
+                                        ~~~~~~~~~~~
    + CategoryInfo          : NotSpecified: (:) [], PropertyNotFoundException
    + FullyQualifiedErrorId : PropertyNotFoundStrict

Total unique UIDs found:
Starting C-MOVE operations...
All C-MOVE requests completed.
**********************
Windows PowerShell 기록 끝
종료 시간: 20250430165636
**********************
