**********************
Windows PowerShell 기록 시작
시작 시간: 20250429114126
사용자 이름: KIMBI\Ben
RunAs 사용자: KIMBI\Ben
구성 이름: 
Machine: KIMBI (Microsoft Windows NT 10.0.19045.0)
호스트 응용 프로그램: C:\Windows\System32\WindowsPowerShell\v1.0\powershell.exe
프로세스 ID: 29888
PSVersion: 5.1.19041.5737
PSEdition: Desktop
PSCompatibleVersions: 1.0, 2.0, 3.0, 4.0, 5.0, 5.1.19041.5737
BuildVersion: 10.0.19041.5737
CLRVersion: 4.0.30319.42000
WSManStackVersion: 3.0
PSRemotingProtocolVersion: 2.3
SerializationVersion: 1.1.0.1
**********************
기록이 시작되었습니다. 출력 파일은 C:\nmdose\logs\sync_20250429_114126.log입니다.
Script started for date range 20250101-20250102 and modalities NM
Querying studies on NMPACS...
 ??Modality = NM
Total unique UIDs found: 2
Starting C-MOVE operations...
Moving study UID: 1.2.410.2000058.82.2.1384.1024014038
movescu : I: Requesting Association
위치 C:\nmdose\bin\copy_to_orthanc.ps1:80 문자:5
+     movescu -v -S `
+     ~~~~~~~~~~~~~~~
    + CategoryInfo          : NotSpecified: (I: Requesting Association:String) [], RemoteException
    + FullyQualifiedErrorId : NativeCommandError

I: Association Accepted (Max Send PDV: 65524)
I: Sending Move Request (MsgID 1)
I: Request Identifiers:
I:
I: # Dicom-Data-Set
I: # Used TransferSyntax: Little Endian Explicit
I: (0008,0052) CS [STUDY]                                  #   6, 1 QueryRetrieveLevel
I: (0020,000d) UI [1.2.410.2000058.82.2.1384.1024014038]   #  36, 1 StudyInstanceUID
I:
I: Received Move Response 1 (Pending)
I: Received Move Response 2 (Pending)
I: Received Move Response 3 (Pending)
I: Received Move Response 4 (Pending)
I: Received Move Response 5 (Pending)
I: Received Move Response 6 (Pending)
I: Received Move Response 7 (Pending)
I: Received Move Response 8 (Pending)
I: Received Move Response 9 (Pending)
I: Received Move Response 10 (Pending)
I: Received Move Response 11 (Pending)
I: Received Final Move Response (Success)
I: Releasing Association

Completed move for UID: 1.2.410.2000058.82.2.1384.1024014038

Moving study UID: 1.2.410.2000058.82.2.1384.1024014236
movescu : I: Requesting Association
위치 C:\nmdose\bin\copy_to_orthanc.ps1:80 문자:5
+     movescu -v -S `
+     ~~~~~~~~~~~~~~~
    + CategoryInfo          : NotSpecified: (I: Requesting Association:String) [], RemoteException
    + FullyQualifiedErrorId : NativeCommandError

I: Association Accepted (Max Send PDV: 65524)
I: Sending Move Request (MsgID 1)
I: Request Identifiers:
I:
I: # Dicom-Data-Set
I: # Used TransferSyntax: Little Endian Explicit
I: (0008,0052) CS [STUDY]                                  #   6, 1 QueryRetrieveLevel
I: (0020,000d) UI [1.2.410.2000058.82.2.1384.1024014236]   #  36, 1 StudyInstanceUID
I:
I: Received Move Response 1 (Pending)
I: Received Move Response 2 (Pending)
I: Received Move Response 3 (Pending)
I: Received Move Response 4 (Pending)
I: Received Move Response 5 (Pending)
I: Received Move Response 6 (Pending)
I: Received Move Response 7 (Pending)
I: Received Move Response 8 (Pending)
I: Received Move Response 9 (Pending)
I: Received Move Response 10 (Pending)
I: Received Move Response 11 (Pending)
I: Received Final Move Response (Success)
I: Releasing Association

Completed move for UID: 1.2.410.2000058.82.2.1384.1024014236

All C-MOVE requests completed.
**********************
Windows PowerShell 기록 끝
종료 시간: 20250429114128
**********************
